\BOOKMARK [0][-]{chapter*.2}{\376\377\000\315\000n\000d\000i\000c\000e\000\040\000g\000e\000n\000e\000r\000a\000l}{}% 1
\BOOKMARK [0][-]{chapter*.3}{\376\377\000\315\000n\000d\000i\000c\000e\000\040\000d\000e\000\040\000f\000i\000g\000u\000r\000a\000s}{}% 2
\BOOKMARK [0][-]{chapter*.4}{\376\377\000R\000e\000s\000u\000m\000e\000n\000.\000\040\000P\000a\000l\000a\000b\000r\000a\000s\000\040\000c\000l\000a\000v\000e}{}% 3
\BOOKMARK [0][-]{chapter*.6}{\376\377\000A\000b\000s\000t\000r\000a\000c\000t\000.\000\040\000K\000e\000y\000w\000o\000r\000d\000s}{}% 4
\BOOKMARK [0][-]{chapter.1}{\376\377\000I\000n\000t\000r\000o\000d\000u\000c\000c\000i\000\363\000n}{}% 5
\BOOKMARK [0][-]{chapter.2}{\376\377\000O\000b\000j\000e\000t\000i\000v\000o\000s}{}% 6
\BOOKMARK [0][-]{chapter.3}{\376\377\000M\000\351\000t\000o\000d\000o\000s\000\040\000y\000\040\000m\000a\000t\000e\000r\000i\000a\000l\000e\000s}{}% 7
\BOOKMARK [1][-]{section.3.1}{\376\377\000G\000e\000n\000e\000r\000a\000c\000i\000\363\000n\000\040\000d\000e\000\040\000n\000\372\000m\000e\000r\000o\000s\000\040\000a\000l\000e\000a\000t\000o\000r\000i\000o\000s}{chapter.3}% 8
\BOOKMARK [2][-]{subsection.3.1.1}{\376\377\000G\000e\000n\000e\000r\000a\000d\000o\000r\000e\000s\000\040\000d\000e\000\040\000n\000\372\000m\000e\000r\000o\000s\000\040\000p\000s\000e\000u\000d\000o\000a\000l\000e\000a\000t\000o\000r\000i\000o\000s\000\040\000u\000n\000i\000f\000o\000r\000m\000e\000s}{section.3.1}% 9
\BOOKMARK [2][-]{subsection.3.1.2}{\376\377\000G\000e\000n\000e\000r\000a\000d\000o\000r\000e\000s\000\040\000d\000e\000\040\000n\000\372\000m\000e\000r\000o\000s\000\040\000p\000s\000e\000u\000d\000o\000a\000l\000e\000a\000t\000o\000r\000i\000o\000s\000\040\000n\000o\000\040\000u\000n\000i\000f\000o\000r\000m\000e\000s}{section.3.1}% 10
\BOOKMARK [1][-]{section.3.2}{\376\377\000E\000n\000t\000o\000r\000n\000o\000\040\000d\000e\000\040\000p\000r\000o\000g\000r\000a\000m\000a\000c\000i\000\363\000n}{chapter.3}% 11
\BOOKMARK [1][-]{section.3.3}{\376\377\000M\000o\000d\000e\000l\000o\000\040\000S\000I\000S}{chapter.3}% 12
\BOOKMARK [1][-]{section.3.4}{\376\377\000P\000r\000o\000c\000e\000s\000o\000s\000\040\000e\000s\000t\000o\000c\000\341\000s\000t\000i\000c\000o\000s}{chapter.3}% 13
\BOOKMARK [2][-]{subsection.3.4.1}{\376\377\000E\000c\000u\000a\000c\000i\000\363\000n\000\040\000m\000a\000e\000s\000t\000r\000a}{section.3.4}% 14
\BOOKMARK [2][-]{subsection.3.4.2}{\376\377\000E\000c\000u\000a\000c\000i\000\363\000n\000\040\000d\000e\000\040\000F\000o\000k\000k\000e\000r\000-\000P\000l\000a\000n\000c\000k}{section.3.4}% 15
\BOOKMARK [2][-]{subsection.3.4.3}{\376\377\000E\000c\000u\000a\000c\000i\000\363\000n\000\040\000d\000e\000\040\000L\000a\000n\000g\000e\000v\000i\000n}{section.3.4}% 16
\BOOKMARK [1][-]{section.3.5}{\376\377\000M\000\351\000t\000o\000d\000o\000s\000\040\000d\000e\000\040\000g\000e\000n\000e\000r\000a\000c\000i\000\363\000n\000\040\000d\000e\000\040\000t\000r\000a\000y\000e\000c\000t\000o\000r\000i\000a\000s}{chapter.3}% 17
\BOOKMARK [2][-]{subsection.3.5.1}{\376\377\000A\000l\000g\000o\000r\000i\000t\000m\000o\000\040\000d\000e\000\040\000G\000i\000l\000l\000e\000s\000p\000i\000e}{section.3.5}% 18
\BOOKMARK [2][-]{subsection.3.5.2}{\376\377\000I\000n\000t\000e\000g\000r\000a\000c\000i\000\363\000n\000\040\000n\000u\000m\000\351\000r\000i\000c\000a\000\040\000d\000e\000\040\000l\000a\000\040\000e\000c\000u\000a\000c\000i\000\363\000n\000\040\000d\000e\000\040\000L\000a\000n\000g\000e\000v\000i\000n}{section.3.5}% 19
\BOOKMARK [0][-]{chapter.4}{\376\377\000R\000e\000s\000u\000l\000t\000a\000d\000o\000s}{}% 20
\BOOKMARK [1][-]{section.4.1}{\376\377\000S\000e\000r\000i\000e\000s\000\040\000t\000e\000m\000p\000o\000r\000a\000l\000e\000s}{chapter.4}% 21
\BOOKMARK [1][-]{section.4.2}{\376\377\000E\000f\000e\000c\000t\000o\000\040\000d\000e\000\040\000l\000a\000s\000\040\000c\000o\000n\000d\000i\000c\000i\000o\000n\000e\000s\000\040\000i\000n\000i\000c\000i\000a\000l\000e\000s}{chapter.4}% 22
\BOOKMARK [1][-]{section.4.3}{\376\377\000D\000i\000a\000g\000r\000a\000m\000a\000\040\000d\000e\000\040\000f\000a\000s\000e}{chapter.4}% 23
\BOOKMARK [1][-]{section.4.4}{\376\377\000D\000e\000s\000v\000i\000a\000c\000i\000\363\000n\000\040\000e\000s\000t\000a\000n\000d\000a\000r}{chapter.4}% 24
\BOOKMARK [0][-]{chapter.5}{\376\377\000C\000o\000n\000c\000l\000u\000s\000i\000o\000n\000e\000s}{}% 25
\BOOKMARK [0][-]{chapter*.19}{\376\377\000B\000i\000b\000l\000i\000o\000g\000r\000a\000f\000\355\000a}{}% 26
\BOOKMARK [0][-]{appendix*.20}{\376\377\000A\000n\000e\000x\000o\000:\000\040\000C\000\363\000d\000i\000g\000o\000s\000\040\000d\000e\000\040\000l\000a\000s\000\040\000d\000i\000s\000t\000i\000n\000t\000a\000s\000\040\000s\000i\000m\000u\000l\000a\000c\000i\000o\000n\000e\000s}{}% 27
